INFO: Pocophone F1 não está ligado.
INFO: Pocophone F1 Está conectado!
INFO: Pocophone F1 Já está conectado.
INFO: Pocophone F1 Já está conectado.
INFO: Pocophone F1 Já está conectado.
INFO: Pocophone F1 foi desligado com sucesso.
INFO: Pocophone F1 NÃO ESTÁ CONECTADO.
INFO: Pocophone F1 não está ligado.
INFO: Pocophone F1 Está conectado!
INFO: Pocophone F1 Já está conectado.
INFO: Pocophone F1 Já está conectado.
INFO: Pocophone F1 Já está conectado.
INFO: Pocophone F1 foi desligado com sucesso.
INFO: Pocophone F1 NÃO ESTÁ CONECTADO.
INFO: Pocophone F1 NÃO ESTÁ CONECTADO.
INFO: Pocophone F1 NÃO ESTÁ CONECTADO.
INFO: Pocophone F1 não está ligado.
INFO: Pocophone F1 não está ligado.
INFO: Pocophone F1 não está ligado.
INFO: Pocophone F1 não está ligado.
INFO: Pocophone F1 Está conectado!
INFO: Pocophone F1 Já está conectado.
INFO: Pocophone F1 Já está conectado.
INFO: Pocophone F1 Já está conectado.
INFO: Pocophone F1 foi desligado com sucesso.
INFO: Pocophone F1 NÃO ESTÁ CONECTADO.
INFO: Pocophone F1 NÃO ESTÁ CONECTADO.
INFO: Pocophone F1 NÃO ESTÁ CONECTADO.
INFO: Pocophone F1 não está ligado.
INFO: Pocophone F1 não está ligado.
INFO: Pocophone F1 não está ligado.
INFO: Pocophone F1 Está conectado!
